<?xml version="1.0" encoding="UTF-8"?>
<testng-results ignored="0" total="16" passed="16" failed="0" skipped="0">
  <reporter-output>
  </reporter-output>
  <suite started-at="2024-08-01T11:51:38 EDT" name="Default suite" finished-at="2024-08-01T11:53:32 EDT" duration-ms="114033">
    <groups>
      <group name="cucumber">
        <method signature="AbstractTestNGCucumberTests.runScenario(io.cucumber.testng.PickleWrapper,io.cucumber.testng.FeatureWrapper)[pri:0, instance:com.tutorialsninja.qa.Runner_Files.Runner_TESTNG@5ace1ed4]" name="runScenario" class="io.cucumber.testng.AbstractTestNGCucumberTests"/>
      </group> <!-- cucumber -->
    </groups>
    <test started-at="2024-08-01T11:51:38 EDT" name="Default test" finished-at="2024-08-01T11:53:32 EDT" duration-ms="114033">
      <class name="com.tutorialsninja.qa.Runner_Files.Runner_TESTNG">
        <test-method is-config="true" signature="setUpClass(org.testng.ITestContext)[pri:0, instance:com.tutorialsninja.qa.Runner_Files.Runner_TESTNG@5ace1ed4]" started-at="2024-08-01T11:51:38 EDT" name="setUpClass" finished-at="2024-08-01T11:51:38 EDT" duration-ms="731" status="PASS">
          <params>
            <param index="0">
              <value>
                <![CDATA[org.testng.TestRunner@4b5ad306]]>
              </value>
            </param>
          </params>
          <reporter-output>
          </reporter-output>
        </test-method> <!-- setUpClass -->
        <test-method signature="runScenario(io.cucumber.testng.PickleWrapper,io.cucumber.testng.FeatureWrapper)[pri:0, instance:com.tutorialsninja.qa.Runner_Files.Runner_TESTNG@5ace1ed4]" started-at="2024-08-01T11:51:38 EDT" name="runScenario" description="Runs Cucumber Scenarios" data-provider="scenarios" finished-at="2024-08-01T11:51:47 EDT" duration-ms="9002" status="PASS">
          <params>
            <param index="0">
              <value>
                <![CDATA["Login with Valid Credentials"]]>
              </value>
            </param>
            <param index="1">
              <value>
                <![CDATA["Login Functionality of TutorialsNinja Application"]]>
              </value>
            </param>
          </params>
          <reporter-output>
          </reporter-output>
        </test-method> <!-- runScenario -->
        <test-method signature="runScenario(io.cucumber.testng.PickleWrapper,io.cucumber.testng.FeatureWrapper)[pri:0, instance:com.tutorialsninja.qa.Runner_Files.Runner_TESTNG@5ace1ed4]" started-at="2024-08-01T11:51:47 EDT" name="runScenario" description="Runs Cucumber Scenarios" data-provider="scenarios" finished-at="2024-08-01T11:51:57 EDT" duration-ms="9471" status="PASS">
          <params>
            <param index="0">
              <value>
                <![CDATA["Login with Valid Credentials"]]>
              </value>
            </param>
            <param index="1">
              <value>
                <![CDATA["Login Functionality of TutorialsNinja Application"]]>
              </value>
            </param>
          </params>
          <reporter-output>
          </reporter-output>
        </test-method> <!-- runScenario -->
        <test-method signature="runScenario(io.cucumber.testng.PickleWrapper,io.cucumber.testng.FeatureWrapper)[pri:0, instance:com.tutorialsninja.qa.Runner_Files.Runner_TESTNG@5ace1ed4]" started-at="2024-08-01T11:51:57 EDT" name="runScenario" description="Runs Cucumber Scenarios" data-provider="scenarios" finished-at="2024-08-01T11:52:04 EDT" duration-ms="6748" status="PASS">
          <params>
            <param index="0">
              <value>
                <![CDATA["Login with Valid Credentials"]]>
              </value>
            </param>
            <param index="1">
              <value>
                <![CDATA["Login Functionality of TutorialsNinja Application"]]>
              </value>
            </param>
          </params>
          <reporter-output>
          </reporter-output>
        </test-method> <!-- runScenario -->
        <test-method signature="runScenario(io.cucumber.testng.PickleWrapper,io.cucumber.testng.FeatureWrapper)[pri:0, instance:com.tutorialsninja.qa.Runner_Files.Runner_TESTNG@5ace1ed4]" started-at="2024-08-01T11:52:04 EDT" name="runScenario" description="Runs Cucumber Scenarios" data-provider="scenarios" finished-at="2024-08-01T11:52:09 EDT" duration-ms="5934" status="PASS">
          <params>
            <param index="0">
              <value>
                <![CDATA["Login with Invalid Credentials"]]>
              </value>
            </param>
            <param index="1">
              <value>
                <![CDATA["Login Functionality of TutorialsNinja Application"]]>
              </value>
            </param>
          </params>
          <reporter-output>
          </reporter-output>
        </test-method> <!-- runScenario -->
        <test-method signature="runScenario(io.cucumber.testng.PickleWrapper,io.cucumber.testng.FeatureWrapper)[pri:0, instance:com.tutorialsninja.qa.Runner_Files.Runner_TESTNG@5ace1ed4]" started-at="2024-08-01T11:52:09 EDT" name="runScenario" description="Runs Cucumber Scenarios" data-provider="scenarios" finished-at="2024-08-01T11:52:16 EDT" duration-ms="6804" status="PASS">
          <params>
            <param index="0">
              <value>
                <![CDATA["Login with Valid Email and Invalid Password"]]>
              </value>
            </param>
            <param index="1">
              <value>
                <![CDATA["Login Functionality of TutorialsNinja Application"]]>
              </value>
            </param>
          </params>
          <reporter-output>
          </reporter-output>
        </test-method> <!-- runScenario -->
        <test-method signature="runScenario(io.cucumber.testng.PickleWrapper,io.cucumber.testng.FeatureWrapper)[pri:0, instance:com.tutorialsninja.qa.Runner_Files.Runner_TESTNG@5ace1ed4]" started-at="2024-08-01T11:52:16 EDT" name="runScenario" description="Runs Cucumber Scenarios" data-provider="scenarios" finished-at="2024-08-01T11:52:23 EDT" duration-ms="6363" status="PASS">
          <params>
            <param index="0">
              <value>
                <![CDATA["Login with Invalid Email and Valid Password"]]>
              </value>
            </param>
            <param index="1">
              <value>
                <![CDATA["Login Functionality of TutorialsNinja Application"]]>
              </value>
            </param>
          </params>
          <reporter-output>
          </reporter-output>
        </test-method> <!-- runScenario -->
        <test-method signature="runScenario(io.cucumber.testng.PickleWrapper,io.cucumber.testng.FeatureWrapper)[pri:0, instance:com.tutorialsninja.qa.Runner_Files.Runner_TESTNG@5ace1ed4]" started-at="2024-08-01T11:52:23 EDT" name="runScenario" description="Runs Cucumber Scenarios" data-provider="scenarios" finished-at="2024-08-01T11:52:29 EDT" duration-ms="6301" status="PASS">
          <params>
            <param index="0">
              <value>
                <![CDATA["Login with valid email and empty password"]]>
              </value>
            </param>
            <param index="1">
              <value>
                <![CDATA["Login Functionality of TutorialsNinja Application"]]>
              </value>
            </param>
          </params>
          <reporter-output>
          </reporter-output>
        </test-method> <!-- runScenario -->
        <test-method signature="runScenario(io.cucumber.testng.PickleWrapper,io.cucumber.testng.FeatureWrapper)[pri:0, instance:com.tutorialsninja.qa.Runner_Files.Runner_TESTNG@5ace1ed4]" started-at="2024-08-01T11:52:29 EDT" name="runScenario" description="Runs Cucumber Scenarios" data-provider="scenarios" finished-at="2024-08-01T11:52:36 EDT" duration-ms="6671" status="PASS">
          <params>
            <param index="0">
              <value>
                <![CDATA["Login with empty email and valid password"]]>
              </value>
            </param>
            <param index="1">
              <value>
                <![CDATA["Login Functionality of TutorialsNinja Application"]]>
              </value>
            </param>
          </params>
          <reporter-output>
          </reporter-output>
        </test-method> <!-- runScenario -->
        <test-method signature="runScenario(io.cucumber.testng.PickleWrapper,io.cucumber.testng.FeatureWrapper)[pri:0, instance:com.tutorialsninja.qa.Runner_Files.Runner_TESTNG@5ace1ed4]" started-at="2024-08-01T11:52:36 EDT" name="runScenario" description="Runs Cucumber Scenarios" data-provider="scenarios" finished-at="2024-08-01T11:52:42 EDT" duration-ms="6117" status="PASS">
          <params>
            <param index="0">
              <value>
                <![CDATA["Login with empty fields"]]>
              </value>
            </param>
            <param index="1">
              <value>
                <![CDATA["Login Functionality of TutorialsNinja Application"]]>
              </value>
            </param>
          </params>
          <reporter-output>
          </reporter-output>
        </test-method> <!-- runScenario -->
        <test-method signature="runScenario(io.cucumber.testng.PickleWrapper,io.cucumber.testng.FeatureWrapper)[pri:0, instance:com.tutorialsninja.qa.Runner_Files.Runner_TESTNG@5ace1ed4]" started-at="2024-08-01T11:52:42 EDT" name="runScenario" description="Runs Cucumber Scenarios" data-provider="scenarios" finished-at="2024-08-01T11:52:49 EDT" duration-ms="6888" status="PASS">
          <params>
            <param index="0">
              <value>
                <![CDATA["the logout button is displayed and available"]]>
              </value>
            </param>
            <param index="1">
              <value>
                <![CDATA["Logout functionality of tutorialsninja app"]]>
              </value>
            </param>
          </params>
          <reporter-output>
          </reporter-output>
        </test-method> <!-- runScenario -->
        <test-method signature="runScenario(io.cucumber.testng.PickleWrapper,io.cucumber.testng.FeatureWrapper)[pri:0, instance:com.tutorialsninja.qa.Runner_Files.Runner_TESTNG@5ace1ed4]" started-at="2024-08-01T11:52:49 EDT" name="runScenario" description="Runs Cucumber Scenarios" data-provider="scenarios" finished-at="2024-08-01T11:52:57 EDT" duration-ms="8601" status="PASS">
          <params>
            <param index="0">
              <value>
                <![CDATA["the logout functionality is active"]]>
              </value>
            </param>
            <param index="1">
              <value>
                <![CDATA["Logout functionality of tutorialsninja app"]]>
              </value>
            </param>
          </params>
          <reporter-output>
          </reporter-output>
        </test-method> <!-- runScenario -->
        <test-method signature="runScenario(io.cucumber.testng.PickleWrapper,io.cucumber.testng.FeatureWrapper)[pri:0, instance:com.tutorialsninja.qa.Runner_Files.Runner_TESTNG@5ace1ed4]" started-at="2024-08-01T11:52:57 EDT" name="runScenario" description="Runs Cucumber Scenarios" data-provider="scenarios" finished-at="2024-08-01T11:53:05 EDT" duration-ms="7488" status="PASS">
          <params>
            <param index="0">
              <value>
                <![CDATA["Registration with all the mandatory fields"]]>
              </value>
            </param>
            <param index="1">
              <value>
                <![CDATA["Register Functionality of TutorialsNinja app"]]>
              </value>
            </param>
          </params>
          <reporter-output>
          </reporter-output>
        </test-method> <!-- runScenario -->
        <test-method signature="runScenario(io.cucumber.testng.PickleWrapper,io.cucumber.testng.FeatureWrapper)[pri:0, instance:com.tutorialsninja.qa.Runner_Files.Runner_TESTNG@5ace1ed4]" started-at="2024-08-01T11:53:05 EDT" name="runScenario" description="Runs Cucumber Scenarios" data-provider="scenarios" finished-at="2024-08-01T11:53:11 EDT" duration-ms="6762" status="PASS">
          <params>
            <param index="0">
              <value>
                <![CDATA["Registration with all the mandatory details and newsletter subscription"]]>
              </value>
            </param>
            <param index="1">
              <value>
                <![CDATA["Register Functionality of TutorialsNinja app"]]>
              </value>
            </param>
          </params>
          <reporter-output>
          </reporter-output>
        </test-method> <!-- runScenario -->
        <test-method signature="runScenario(io.cucumber.testng.PickleWrapper,io.cucumber.testng.FeatureWrapper)[pri:0, instance:com.tutorialsninja.qa.Runner_Files.Runner_TESTNG@5ace1ed4]" started-at="2024-08-01T11:53:11 EDT" name="runScenario" description="Runs Cucumber Scenarios" data-provider="scenarios" finished-at="2024-08-01T11:53:19 EDT" duration-ms="7313" status="PASS">
          <params>
            <param index="0">
              <value>
                <![CDATA["Registration with valid mandatory details but existing email"]]>
              </value>
            </param>
            <param index="1">
              <value>
                <![CDATA["Register Functionality of TutorialsNinja app"]]>
              </value>
            </param>
          </params>
          <reporter-output>
          </reporter-output>
        </test-method> <!-- runScenario -->
        <test-method signature="runScenario(io.cucumber.testng.PickleWrapper,io.cucumber.testng.FeatureWrapper)[pri:0, instance:com.tutorialsninja.qa.Runner_Files.Runner_TESTNG@5ace1ed4]" started-at="2024-08-01T11:53:19 EDT" name="runScenario" description="Runs Cucumber Scenarios" data-provider="scenarios" finished-at="2024-08-01T11:53:26 EDT" duration-ms="6762" status="PASS">
          <params>
            <param index="0">
              <value>
                <![CDATA["Registration with valid mandatory details but not matching confirm password"]]>
              </value>
            </param>
            <param index="1">
              <value>
                <![CDATA["Register Functionality of TutorialsNinja app"]]>
              </value>
            </param>
          </params>
          <reporter-output>
          </reporter-output>
        </test-method> <!-- runScenario -->
        <test-method signature="runScenario(io.cucumber.testng.PickleWrapper,io.cucumber.testng.FeatureWrapper)[pri:0, instance:com.tutorialsninja.qa.Runner_Files.Runner_TESTNG@5ace1ed4]" started-at="2024-08-01T11:53:26 EDT" name="runScenario" description="Runs Cucumber Scenarios" data-provider="scenarios" finished-at="2024-08-01T11:53:31 EDT" duration-ms="5910" status="PASS">
          <params>
            <param index="0">
              <value>
                <![CDATA["Registration with empty fields"]]>
              </value>
            </param>
            <param index="1">
              <value>
                <![CDATA["Register Functionality of TutorialsNinja app"]]>
              </value>
            </param>
          </params>
          <reporter-output>
          </reporter-output>
        </test-method> <!-- runScenario -->
        <test-method is-config="true" signature="tearDownClass()[pri:0, instance:com.tutorialsninja.qa.Runner_Files.Runner_TESTNG@5ace1ed4]" started-at="2024-08-01T11:53:31 EDT" name="tearDownClass" finished-at="2024-08-01T11:53:32 EDT" duration-ms="93" status="PASS">
          <reporter-output>
          </reporter-output>
        </test-method> <!-- tearDownClass -->
      </class> <!-- com.tutorialsninja.qa.Runner_Files.Runner_TESTNG -->
    </test> <!-- Default test -->
  </suite> <!-- Default suite -->
</testng-results>
