<?xml version="1.0" encoding="UTF-8"?>
<testng-results ignored="0" total="14" passed="14" failed="0" skipped="0">
  <reporter-output>
  </reporter-output>
  <suite started-at="2024-07-27T11:46:54 EDT" name="Default suite" finished-at="2024-07-27T11:48:28 EDT" duration-ms="94705">
    <groups>
      <group name="cucumber">
        <method signature="AbstractTestNGCucumberTests.runScenario(io.cucumber.testng.PickleWrapper,io.cucumber.testng.FeatureWrapper)[pri:0, instance:com.tutorialsninja.qa.Runner_Files.Runner_TESTNG@5ace1ed4]" name="runScenario" class="io.cucumber.testng.AbstractTestNGCucumberTests"/>
      </group> <!-- cucumber -->
    </groups>
    <test started-at="2024-07-27T11:46:54 EDT" name="Default test" finished-at="2024-07-27T11:48:28 EDT" duration-ms="94705">
      <class name="com.tutorialsninja.qa.Runner_Files.Runner_TESTNG">
        <test-method is-config="true" signature="setUpClass(org.testng.ITestContext)[pri:0, instance:com.tutorialsninja.qa.Runner_Files.Runner_TESTNG@5ace1ed4]" started-at="2024-07-27T11:46:54 EDT" name="setUpClass" finished-at="2024-07-27T11:46:54 EDT" duration-ms="752" status="PASS">
          <params>
            <param index="0">
              <value>
                <![CDATA[org.testng.TestRunner@1d99ee1b]]>
              </value>
            </param>
          </params>
          <reporter-output>
          </reporter-output>
        </test-method> <!-- setUpClass -->
        <test-method signature="runScenario(io.cucumber.testng.PickleWrapper,io.cucumber.testng.FeatureWrapper)[pri:0, instance:com.tutorialsninja.qa.Runner_Files.Runner_TESTNG@5ace1ed4]" started-at="2024-07-27T11:46:54 EDT" name="runScenario" description="Runs Cucumber Scenarios" data-provider="scenarios" finished-at="2024-07-27T11:47:02 EDT" duration-ms="7754" status="PASS">
          <params>
            <param index="0">
              <value>
                <![CDATA["Login with Valid Credentials"]]>
              </value>
            </param>
            <param index="1">
              <value>
                <![CDATA["Login Functionality of TutorialsNinja Application"]]>
              </value>
            </param>
          </params>
          <reporter-output>
          </reporter-output>
        </test-method> <!-- runScenario -->
        <test-method signature="runScenario(io.cucumber.testng.PickleWrapper,io.cucumber.testng.FeatureWrapper)[pri:0, instance:com.tutorialsninja.qa.Runner_Files.Runner_TESTNG@5ace1ed4]" started-at="2024-07-27T11:47:02 EDT" name="runScenario" description="Runs Cucumber Scenarios" data-provider="scenarios" finished-at="2024-07-27T11:47:08 EDT" duration-ms="6150" status="PASS">
          <params>
            <param index="0">
              <value>
                <![CDATA["Login with Valid Credentials"]]>
              </value>
            </param>
            <param index="1">
              <value>
                <![CDATA["Login Functionality of TutorialsNinja Application"]]>
              </value>
            </param>
          </params>
          <reporter-output>
          </reporter-output>
        </test-method> <!-- runScenario -->
        <test-method signature="runScenario(io.cucumber.testng.PickleWrapper,io.cucumber.testng.FeatureWrapper)[pri:0, instance:com.tutorialsninja.qa.Runner_Files.Runner_TESTNG@5ace1ed4]" started-at="2024-07-27T11:47:08 EDT" name="runScenario" description="Runs Cucumber Scenarios" data-provider="scenarios" finished-at="2024-07-27T11:47:15 EDT" duration-ms="6332" status="PASS">
          <params>
            <param index="0">
              <value>
                <![CDATA["Login with Valid Credentials"]]>
              </value>
            </param>
            <param index="1">
              <value>
                <![CDATA["Login Functionality of TutorialsNinja Application"]]>
              </value>
            </param>
          </params>
          <reporter-output>
          </reporter-output>
        </test-method> <!-- runScenario -->
        <test-method signature="runScenario(io.cucumber.testng.PickleWrapper,io.cucumber.testng.FeatureWrapper)[pri:0, instance:com.tutorialsninja.qa.Runner_Files.Runner_TESTNG@5ace1ed4]" started-at="2024-07-27T11:47:15 EDT" name="runScenario" description="Runs Cucumber Scenarios" data-provider="scenarios" finished-at="2024-07-27T11:47:21 EDT" duration-ms="5841" status="PASS">
          <params>
            <param index="0">
              <value>
                <![CDATA["Login with Invalid Credentials"]]>
              </value>
            </param>
            <param index="1">
              <value>
                <![CDATA["Login Functionality of TutorialsNinja Application"]]>
              </value>
            </param>
          </params>
          <reporter-output>
          </reporter-output>
        </test-method> <!-- runScenario -->
        <test-method signature="runScenario(io.cucumber.testng.PickleWrapper,io.cucumber.testng.FeatureWrapper)[pri:0, instance:com.tutorialsninja.qa.Runner_Files.Runner_TESTNG@5ace1ed4]" started-at="2024-07-27T11:47:21 EDT" name="runScenario" description="Runs Cucumber Scenarios" data-provider="scenarios" finished-at="2024-07-27T11:47:27 EDT" duration-ms="6414" status="PASS">
          <params>
            <param index="0">
              <value>
                <![CDATA["Login with Valid Email and Invalid Password"]]>
              </value>
            </param>
            <param index="1">
              <value>
                <![CDATA["Login Functionality of TutorialsNinja Application"]]>
              </value>
            </param>
          </params>
          <reporter-output>
          </reporter-output>
        </test-method> <!-- runScenario -->
        <test-method signature="runScenario(io.cucumber.testng.PickleWrapper,io.cucumber.testng.FeatureWrapper)[pri:0, instance:com.tutorialsninja.qa.Runner_Files.Runner_TESTNG@5ace1ed4]" started-at="2024-07-27T11:47:27 EDT" name="runScenario" description="Runs Cucumber Scenarios" data-provider="scenarios" finished-at="2024-07-27T11:47:33 EDT" duration-ms="5967" status="PASS">
          <params>
            <param index="0">
              <value>
                <![CDATA["Login with Invalid Email and Valid Password"]]>
              </value>
            </param>
            <param index="1">
              <value>
                <![CDATA["Login Functionality of TutorialsNinja Application"]]>
              </value>
            </param>
          </params>
          <reporter-output>
          </reporter-output>
        </test-method> <!-- runScenario -->
        <test-method signature="runScenario(io.cucumber.testng.PickleWrapper,io.cucumber.testng.FeatureWrapper)[pri:0, instance:com.tutorialsninja.qa.Runner_Files.Runner_TESTNG@5ace1ed4]" started-at="2024-07-27T11:47:33 EDT" name="runScenario" description="Runs Cucumber Scenarios" data-provider="scenarios" finished-at="2024-07-27T11:47:39 EDT" duration-ms="6418" status="PASS">
          <params>
            <param index="0">
              <value>
                <![CDATA["Login with valid email and empty password"]]>
              </value>
            </param>
            <param index="1">
              <value>
                <![CDATA["Login Functionality of TutorialsNinja Application"]]>
              </value>
            </param>
          </params>
          <reporter-output>
          </reporter-output>
        </test-method> <!-- runScenario -->
        <test-method signature="runScenario(io.cucumber.testng.PickleWrapper,io.cucumber.testng.FeatureWrapper)[pri:0, instance:com.tutorialsninja.qa.Runner_Files.Runner_TESTNG@5ace1ed4]" started-at="2024-07-27T11:47:39 EDT" name="runScenario" description="Runs Cucumber Scenarios" data-provider="scenarios" finished-at="2024-07-27T11:47:46 EDT" duration-ms="6211" status="PASS">
          <params>
            <param index="0">
              <value>
                <![CDATA["Login with empty email and valid password"]]>
              </value>
            </param>
            <param index="1">
              <value>
                <![CDATA["Login Functionality of TutorialsNinja Application"]]>
              </value>
            </param>
          </params>
          <reporter-output>
          </reporter-output>
        </test-method> <!-- runScenario -->
        <test-method signature="runScenario(io.cucumber.testng.PickleWrapper,io.cucumber.testng.FeatureWrapper)[pri:0, instance:com.tutorialsninja.qa.Runner_Files.Runner_TESTNG@5ace1ed4]" started-at="2024-07-27T11:47:46 EDT" name="runScenario" description="Runs Cucumber Scenarios" data-provider="scenarios" finished-at="2024-07-27T11:47:51 EDT" duration-ms="5893" status="PASS">
          <params>
            <param index="0">
              <value>
                <![CDATA["Login with empty fields"]]>
              </value>
            </param>
            <param index="1">
              <value>
                <![CDATA["Login Functionality of TutorialsNinja Application"]]>
              </value>
            </param>
          </params>
          <reporter-output>
          </reporter-output>
        </test-method> <!-- runScenario -->
        <test-method signature="runScenario(io.cucumber.testng.PickleWrapper,io.cucumber.testng.FeatureWrapper)[pri:0, instance:com.tutorialsninja.qa.Runner_Files.Runner_TESTNG@5ace1ed4]" started-at="2024-07-27T11:47:51 EDT" name="runScenario" description="Runs Cucumber Scenarios" data-provider="scenarios" finished-at="2024-07-27T11:47:59 EDT" duration-ms="7223" status="PASS">
          <params>
            <param index="0">
              <value>
                <![CDATA["Registration with all the mandatory fields"]]>
              </value>
            </param>
            <param index="1">
              <value>
                <![CDATA["Register Functionality of TutorialsNinja app"]]>
              </value>
            </param>
          </params>
          <reporter-output>
          </reporter-output>
        </test-method> <!-- runScenario -->
        <test-method signature="runScenario(io.cucumber.testng.PickleWrapper,io.cucumber.testng.FeatureWrapper)[pri:0, instance:com.tutorialsninja.qa.Runner_Files.Runner_TESTNG@5ace1ed4]" started-at="2024-07-27T11:47:59 EDT" name="runScenario" description="Runs Cucumber Scenarios" data-provider="scenarios" finished-at="2024-07-27T11:48:06 EDT" duration-ms="6952" status="PASS">
          <params>
            <param index="0">
              <value>
                <![CDATA["Registration with all the mandatory details and newsletter subscription"]]>
              </value>
            </param>
            <param index="1">
              <value>
                <![CDATA["Register Functionality of TutorialsNinja app"]]>
              </value>
            </param>
          </params>
          <reporter-output>
          </reporter-output>
        </test-method> <!-- runScenario -->
        <test-method signature="runScenario(io.cucumber.testng.PickleWrapper,io.cucumber.testng.FeatureWrapper)[pri:0, instance:com.tutorialsninja.qa.Runner_Files.Runner_TESTNG@5ace1ed4]" started-at="2024-07-27T11:48:06 EDT" name="runScenario" description="Runs Cucumber Scenarios" data-provider="scenarios" finished-at="2024-07-27T11:48:13 EDT" duration-ms="7596" status="PASS">
          <params>
            <param index="0">
              <value>
                <![CDATA["Registration with valid mandatory details but existing email"]]>
              </value>
            </param>
            <param index="1">
              <value>
                <![CDATA["Register Functionality of TutorialsNinja app"]]>
              </value>
            </param>
          </params>
          <reporter-output>
          </reporter-output>
        </test-method> <!-- runScenario -->
        <test-method signature="runScenario(io.cucumber.testng.PickleWrapper,io.cucumber.testng.FeatureWrapper)[pri:0, instance:com.tutorialsninja.qa.Runner_Files.Runner_TESTNG@5ace1ed4]" started-at="2024-07-27T11:48:13 EDT" name="runScenario" description="Runs Cucumber Scenarios" data-provider="scenarios" finished-at="2024-07-27T11:48:20 EDT" duration-ms="6824" status="PASS">
          <params>
            <param index="0">
              <value>
                <![CDATA["Registration with valid mandatory details but not matching confirm password"]]>
              </value>
            </param>
            <param index="1">
              <value>
                <![CDATA["Register Functionality of TutorialsNinja app"]]>
              </value>
            </param>
          </params>
          <reporter-output>
          </reporter-output>
        </test-method> <!-- runScenario -->
        <test-method signature="runScenario(io.cucumber.testng.PickleWrapper,io.cucumber.testng.FeatureWrapper)[pri:0, instance:com.tutorialsninja.qa.Runner_Files.Runner_TESTNG@5ace1ed4]" started-at="2024-07-27T11:48:20 EDT" name="runScenario" description="Runs Cucumber Scenarios" data-provider="scenarios" finished-at="2024-07-27T11:48:28 EDT" duration-ms="8232" status="PASS">
          <params>
            <param index="0">
              <value>
                <![CDATA["Registration with empty fields"]]>
              </value>
            </param>
            <param index="1">
              <value>
                <![CDATA["Register Functionality of TutorialsNinja app"]]>
              </value>
            </param>
          </params>
          <reporter-output>
          </reporter-output>
        </test-method> <!-- runScenario -->
        <test-method is-config="true" signature="tearDownClass()[pri:0, instance:com.tutorialsninja.qa.Runner_Files.Runner_TESTNG@5ace1ed4]" started-at="2024-07-27T11:48:28 EDT" name="tearDownClass" finished-at="2024-07-27T11:48:28 EDT" duration-ms="78" status="PASS">
          <reporter-output>
          </reporter-output>
        </test-method> <!-- tearDownClass -->
      </class> <!-- com.tutorialsninja.qa.Runner_Files.Runner_TESTNG -->
    </test> <!-- Default test -->
  </suite> <!-- Default suite -->
</testng-results>
